{"contracts/Raffle.sol":{"l":{"56":3,"57":3,"58":3,"59":3,"60":3,"61":3,"62":3,"63":3,"67":5,"68":1,"70":4,"71":1,"73":3,"74":3,"97":1,"98":1,"99":1,"100":1,"101":1,"107":1,"108":1,"109":0,"116":1,"117":1,"124":1,"131":0,"132":0,"133":0,"134":0,"135":0,"136":0,"137":0,"138":0,"139":0,"141":0,"147":10,"151":1,"155":0,"159":1,"163":0,"167":0,"171":0,"175":0,"179":10,"183":10,"187":10,"191":10},"path":"/home/pedroafleite/github/hardhat-smartcontract-lottery-fcc/contracts/Raffle.sol","s":{"1":5,"2":4,"3":3,"4":3,"5":1,"6":1,"7":1,"8":1,"9":1,"10":1,"11":1,"12":1,"13":0,"14":0,"15":0,"16":0,"17":0,"18":10,"19":1,"20":0,"21":1,"22":0,"23":0,"24":0,"25":0,"26":10,"27":10,"28":10,"29":10},"b":{"1":[1,4],"2":[1,3],"3":[0,1],"4":[0,0]},"f":{"1":3,"2":5,"3":1,"4":1,"5":0,"6":10,"7":1,"8":0,"9":1,"10":0,"11":0,"12":0,"13":0,"14":10,"15":10,"16":10,"17":10},"fnMap":{"1":{"name":"constructor","line":55,"loc":{"start":{"line":48,"column":4},"end":{"line":64,"column":4}}},"2":{"name":"enterRaffle","line":66,"loc":{"start":{"line":66,"column":4},"end":{"line":75,"column":4}}},"3":{"name":"checkUpkeep","line":87,"loc":{"start":{"line":87,"column":4},"end":{"line":102,"column":4}}},"4":{"name":"performUpkeep","line":104,"loc":{"start":{"line":104,"column":4},"end":{"line":125,"column":4}}},"5":{"name":"fulfillRandomWords","line":127,"loc":{"start":{"line":127,"column":4},"end":{"line":142,"column":4}}},"6":{"name":"getEntranceFee","line":146,"loc":{"start":{"line":146,"column":4},"end":{"line":148,"column":4}}},"7":{"name":"getPlayers","line":150,"loc":{"start":{"line":150,"column":4},"end":{"line":152,"column":4}}},"8":{"name":"getRecentWinner","line":154,"loc":{"start":{"line":154,"column":4},"end":{"line":156,"column":4}}},"9":{"name":"getRaffleState","line":158,"loc":{"start":{"line":158,"column":4},"end":{"line":160,"column":4}}},"10":{"name":"getNumWords","line":162,"loc":{"start":{"line":162,"column":4},"end":{"line":164,"column":4}}},"11":{"name":"getNumberOfPlayers","line":166,"loc":{"start":{"line":166,"column":4},"end":{"line":168,"column":4}}},"12":{"name":"getLatestTimestamp","line":170,"loc":{"start":{"line":170,"column":4},"end":{"line":172,"column":4}}},"13":{"name":"getRequestConfirmations","line":174,"loc":{"start":{"line":174,"column":4},"end":{"line":176,"column":4}}},"14":{"name":"getSubscriptionId","line":178,"loc":{"start":{"line":178,"column":4},"end":{"line":180,"column":4}}},"15":{"name":"getGasLane","line":182,"loc":{"start":{"line":182,"column":4},"end":{"line":184,"column":4}}},"16":{"name":"getCallbackGasLimit","line":186,"loc":{"start":{"line":186,"column":4},"end":{"line":188,"column":4}}},"17":{"name":"getInterval","line":190,"loc":{"start":{"line":190,"column":4},"end":{"line":192,"column":4}}}},"statementMap":{"1":{"start":{"line":67,"column":8},"end":{"line":67,"column":2270}},"2":{"start":{"line":70,"column":8},"end":{"line":70,"column":2371}},"3":{"start":{"line":73,"column":8},"end":{"line":73,"column":42}},"4":{"start":{"line":74,"column":8},"end":{"line":74,"column":36}},"5":{"start":{"line":97,"column":8},"end":{"line":97,"column":76}},"6":{"start":{"line":98,"column":8},"end":{"line":98,"column":48}},"7":{"start":{"line":99,"column":8},"end":{"line":99,"column":51}},"8":{"start":{"line":100,"column":8},"end":{"line":100,"column":57}},"9":{"start":{"line":107,"column":8},"end":{"line":107,"column":47}},"10":{"start":{"line":108,"column":8},"end":{"line":108,"column":3778}},"11":{"start":{"line":117,"column":8},"end":{"line":117,"column":4038}},"12":{"start":{"line":124,"column":8},"end":{"line":124,"column":45}},"13":{"start":{"line":131,"column":8},"end":{"line":131,"column":65}},"14":{"start":{"line":132,"column":8},"end":{"line":132,"column":63}},"15":{"start":{"line":137,"column":8},"end":{"line":137,"column":78}},"16":{"start":{"line":138,"column":8},"end":{"line":138,"column":4817}},"17":{"start":{"line":141,"column":8},"end":{"line":141,"column":39}},"18":{"start":{"line":147,"column":8},"end":{"line":147,"column":28}},"19":{"start":{"line":151,"column":8},"end":{"line":151,"column":31}},"20":{"start":{"line":155,"column":8},"end":{"line":155,"column":29}},"21":{"start":{"line":159,"column":8},"end":{"line":159,"column":28}},"22":{"start":{"line":163,"column":8},"end":{"line":163,"column":24}},"23":{"start":{"line":167,"column":8},"end":{"line":167,"column":31}},"24":{"start":{"line":171,"column":8},"end":{"line":171,"column":30}},"25":{"start":{"line":175,"column":8},"end":{"line":175,"column":36}},"26":{"start":{"line":179,"column":8},"end":{"line":179,"column":31}},"27":{"start":{"line":183,"column":8},"end":{"line":183,"column":24}},"28":{"start":{"line":187,"column":8},"end":{"line":187,"column":33}},"29":{"start":{"line":191,"column":8},"end":{"line":191,"column":25}}},"branchMap":{"1":{"line":67,"type":"if","locations":[{"start":{"line":67,"column":8},"end":{"line":67,"column":8}},{"start":{"line":67,"column":8},"end":{"line":67,"column":8}}]},"2":{"line":70,"type":"if","locations":[{"start":{"line":70,"column":8},"end":{"line":70,"column":8}},{"start":{"line":70,"column":8},"end":{"line":70,"column":8}}]},"3":{"line":108,"type":"if","locations":[{"start":{"line":108,"column":8},"end":{"line":108,"column":8}},{"start":{"line":108,"column":8},"end":{"line":108,"column":8}}]},"4":{"line":138,"type":"if","locations":[{"start":{"line":138,"column":8},"end":{"line":138,"column":8}},{"start":{"line":138,"column":8},"end":{"line":138,"column":8}}]}}},"contracts/test/VRFCoordinatorV2Mock.sol":{"l":{},"path":"/home/pedroafleite/github/hardhat-smartcontract-lottery-fcc/contracts/test/VRFCoordinatorV2Mock.sol","s":{},"b":{},"f":{},"fnMap":{},"statementMap":{},"branchMap":{}}}